Question:
 4. Prolog:  Draw a picture of the undirected graph represented by the
    facts given below.  Write a function adjacent which will succeed if
    two nodes in the graph are adjacent to each other.  [2pt]
    edge(a,b).
    edge(b,c).
    edge(c,d).
    edge(d,a).
    edge(a,c).

Overlapped: set(['function', 'picture', 'given', 'b', 'graph', 'c', 'two', 'draw', 'write', 'edge', 'adjacent', 'facts', 'nodes', 'undirected', 'prolog']) 
Overlap: 15 
Accuracy: 0.283018867925 

Question:
11. Ocaml:  Write a function iota which has an integer argument $n$ and
    returns a list of numbers from $1$ to $n$ inclusive.  The empty list
    is returned for non-positive numbers.  Use a local helper function
    to make your solution tail-recursive.  [2pt]
    # iota;;
    - : int -> int list = <fun>
    # iota 5;;
    - : int list = [1; 2; 3; 4; 5]
    # iota (-5);;
    - : int list = []

Overlapped: set(['function', 'use', 'ocaml', 'helper', 'int', 'list', 'argument', 'solution', 'write', 'returns', 'fun', 'n']) 
Overlap: 12 
Accuracy: 0.134831460674 

Question:
 3. The function List.fold_left uses up how much stack space on a list
    of length $n$?
    (A) $ O ( 1 ) $
    (B) $ O ( 2 sup n ) $
    (C) $ O ( log sub 2 n ) $
    (D) $ O ( n ) $

Overlapped: set(['function', 'c', 'b', 'sub', 'space', 'list', 'n', 'length', 'much', 'sup', 'stack', 'log']) 
Overlap: 12 
Accuracy: 0.25 

Question:
 8. Ocaml:  Define the function zip whose arguments are a curried pair
    of lists and whose result is a list of tuples.  Raise Invalid_
    argument if the lengths are different.  [2pt]
    # zip;;
    - : 'a list -> 'b list -> ('a * 'b) list
    # zip [1;2;3] ["foo";"bar";"baz"];;
    - : (int * string) list = [(1, "foo"); (2, "bar"); (3, "baz")]
    # zip [1;2;3] [];;
    Exception: Invalid_argument "length mismatch".

Overlapped: set(['function', 'bar', 'string', 'int', 'list', 'argument', 'ocaml', 'length', 'arguments', 'foo', 'define']) 
Overlap: 11 
Accuracy: 0.0887096774194 

Question:
 6. If guess is a predicate that searches a database to return one of
    its elements, and verify checks to see if the thing found is good,
    then we may define the predicate find, which returns a valid entry
    from the database as:
    (A) find(X) :- guess(X), verify(X).
    (B) find(X) :- guess(X).
        find(X) :- verify(X).
    (C) find(X) :- verify(X), guess(X).
    (D) guess(X) :- find(X), verify(X).

Overlapped: set(['predicate', 'good', 'return', 'c', 'returns', 'one', 'see', 'elements', 'x', 'b', 'define']) 
Overlap: 11 
Accuracy: 0.103773584906 

Question:
 8. Which of the following data structures violates the spirit of
    functional programming?
    (A) array
    (B) list
    (C) stack
    (D) tree

Overlapped: set(['c', 'b', 'programming', 'tree', 'list', 'functional', 'data', 'following', 'array', 'structures', 'stack']) 
Overlap: 11 
Accuracy: 0.478260869565 

Question:
 3. Perl:  Write a function that will accept a function and an array and
    return all elements of the array in the same order, for which the
    function applied to an element of the array returns true.  [2pt]

Overlapped: set(['function', 'elements', 'return', 'perl', 'write', 'returns', 'array', 'element', 'true', 'order']) 
Overlap: 10 
Accuracy: 0.434782608696 

Question:
 5. Prolog:  Write drop/3 such that it returns all elements of the
    second argument, starting with the one that matches the first
    argument, or none, if none match.  The third argument is the result.
    [2pt]
    | ?- drop(3,[5,4,3,2,1],X).
    X = [3,2,1]
    | ?- drop(9,[1,2,3],X).
    X = []
    | ?- drop(1,[1,2,3,4],X).
    X = [1,2,3,4]

Overlapped: set(['elements', 'argument', 'returns', 'one', 'write', 'second', 'x', 'first', 'match', 'prolog']) 
Overlap: 10 
Accuracy: 0.119047619048 

Question:
 1. Haskell is a purely functional language which maintains state using
    a:
    (A) closure
    (B) daemon
    (C) monad
    (D) thunk

Overlapped: set(['closure', 'c', 'b', 'language', 'monad', 'functional', 'thunk', 'state', 'haskell', 'using']) 
Overlap: 10 
Accuracy: 0.434782608696 

Question:
 9. Of the ones listed here, the attribute most associated with
    functional programming is:
    (A) dynamic dispatch
    (B) referential transparency
    (C) static type checking
    (D) unification

Overlapped: set(['c', 'b', 'checking', 'programming', 'dynamic', 'functional', 'dispatch', 'ones', 'static', 'type']) 
Overlap: 10 
Accuracy: 0.37037037037 

Question:
 5. What is the stack efficiency of this function?
    let rec f n =
        if n <= 1 then n
        else f (n - 1) + f (n - 2);;
    (A) $ O ( 1 ) $
    (B) $ O ( n ) $
    (C) $ O ( n sup 2 ) $
    (D) $ O ( 2 sup n ) $

Overlapped: set(['function', 'c', 'b', 'f', 'else', 'let', 'sup', 'rec', 'n', 'stack']) 
Overlap: 10 
Accuracy: 0.153846153846 

Question:
 7. What is the stack efficiency of this function?
    let rec f n =
        if n <= 1 then n
        else f (n - 1) + f (n - 2);;
    (A) $ O ( 1 ) $
    (B) $ O ( n ) $
    (C) $ O ( n sup 2 ) $
    (D) $ O ( 2 sup n ) $

Overlapped: set(['function', 'c', 'b', 'f', 'else', 'let', 'sup', 'rec', 'n', 'stack']) 
Overlap: 10 
Accuracy: 0.153846153846 

Question:
 2. C++:  Write code to print out the elements of a vector, one item per
    line.  Assume that operator<< is defined on type foo.  Use a const_
    iterator.  [2pt]
    vector<foo> vec;

Overlapped: set(['use', 'elements', 'defined', 'one', 'write', 'vector', 'line', 'foo', 'type']) 
Overlap: 9 
Accuracy: 0.257142857143 

Question:
 6. Ocaml:  Define the function merge which takes a predicate as an
    argument and a pair of sorted lists.  The result is a single list in
    sorted order.  [3pt]
    # merge;;
    - : ('a -> 'a -> bool) -> 'a list -> 'a list -> 'a list
    # merge (<) [1;3;5] [2;4;8;9];;
    - : int list = [1; 2; 4; 4; 8; 9; 9]

Overlapped: set(['function', 'predicate', 'int', 'list', 'argument', 'ocaml', 'bool', 'order', 'define']) 
Overlap: 9 
Accuracy: 0.0978260869565 

Question:
 9. Ocaml:  Define the function map, which a unary function to a list
    and returns the list of results.  Use recursion.  Do not use a
    higher-order function.  [2pt]
    # map;;
    - : ('a -> 'b) -> 'a list -> 'b list
    # map ((+)2) [1;2;3;4];;
    - : int list = [3; 4; 5; 6]

Overlapped: set(['function', 'map', 'use', 'int', 'recursion', 'list', 'ocaml', 'returns', 'define']) 
Overlap: 9 
Accuracy: 0.116883116883 

Question:
10. Ocaml:  Write the function reverse which reverses list.  Do not use
    any higher-order functions.  Your function must be tail-recursive or
    use a local tail-recursive helper.  [2pt]
    # reverse;;
    - : 'a list -> 'a list
    # reverse [1;2;3];;
    - : int list = [3; 2; 1]

Overlapped: set(['function', 'use', 'reverse', 'helper', 'int', 'list', 'functions', 'ocaml', 'write']) 
Overlap: 9 
Accuracy: 0.152542372881 

Question:
15. Scheme:  Write the function elim, which takes a symbol and a list
    and returns a list consisting of elements of the list starting with
    the first one that is eqv?  to its first argument;  or the empty
    list, if none.  [2pt]
    > (elim 3 '(5 4 3 2 1))
    (3 2 1)
    > (elim 9 '(1 2 3))
    ()
    > (elim 1 '(1 2 3 4))
    (1 2 3 4)

Overlapped: set(['function', 'elements', 'list', 'argument', 'one', 'write', 'returns', 'scheme', 'first']) 
Overlap: 9 
Accuracy: 0.1125 

Question:
 4. An object-oriented language such as C++ does dynamic dispatching of
    method calls by means of a:
    (A) virtual function table
    (B) template declaration
    (C) heap-allocated closure
    (D) friend function

Overlapped: set(['function', 'closure', 'c', 'b', 'language', 'dynamic', 'virtual', 'declaration', 'table']) 
Overlap: 9 
Accuracy: 0.310344827586 

Question:
12. Give an example of one function nested inside another, where the
    inner function refers to a local variable of the outer function in
    such a way that the program crashes due to a dangling pointer.
    [2pt]

Overlapped: set(['function', 'outer', 'one', 'inner', 'way', 'variable', 'nested', 'pointer']) 
Overlap: 8 
Accuracy: 0.307692307692 

Question:
 4. In Java, a static variable is allocated:
    (A) at translation time.
    (B) when the class files are put in a jar.
    (C) when the class is loaded.
    (D) when an object is created with new.

Overlapped: set(['c', 'b', 'java', 'object', 'static', 'variable', 'new', 'class']) 
Overlap: 8 
Accuracy: 0.25 

Question:
 7. Ocaml:  Define the function sum in terms of List.fold_left in a
    curried manner to sum a list of integers.  Do not write a recursive
    function.  [1pt]
    # sum;;
    - : int list -> int
    # sum [1;2;3;4;5];;
    - : int = 15

Overlapped: set(['function', 'int', 'sum', 'list', 'ocaml', 'write', 'define']) 
Overlap: 7 
Accuracy: 0.134615384615 

Question:
 2. Partial parameterization of a currried function keeps arguments in
    a:
    (A) closure
    (B) daemon
    (C) monad
    (D) thunk

Overlapped: set(['function', 'closure', 'c', 'b', 'monad', 'thunk', 'arguments']) 
Overlap: 7 
Accuracy: 0.318181818182 

Question:
 3. In C++, a static variable is bound to a virtual address:
    (A) at compile (CC) time.
    (B) at link (ld) time.
    (C) at exec() time.
    (D) when main() is called.

Overlapped: set(['c', 'b', 'virtual', 'static', 'variable', 'main', 'called']) 
Overlap: 7 
Accuracy: 0.170731707317 

Question:
 6. What is the type of f?
    let f x y = x + y;;
    (A) int * int * int
    (B) int * int -> int
    (C) int -> int * int
    (D) int -> int -> int

Overlapped: set(['c', 'b', 'f', 'int', 'let', 'x', 'type']) 
Overlap: 7 
Accuracy: 0.152173913043 

Question:
 7. When arguments to functions are evaluated before the function is
    called, this is __ order.
    (A) applicative
    (B) efficient
    (C) normal
    (D) short circuit

Overlapped: set(['function', 'c', 'b', 'functions', 'order', 'arguments', 'called']) 
Overlap: 7 
Accuracy: 0.28 

Question:
 1. What is the type of swap?
    let swap f x y = f y x;;
    (A) ('a -> 'b -> 'a) -> 'a -> 'b list -> 'a
    (B) ('a -> 'b -> 'b) -> 'a list -> 'b -> 'b
    (C) ('a -> 'b -> 'c) -> 'b -> 'a -> 'c
    (D) ('a -> 'b) -> ('c -> 'a) -> 'c -> 'b

Overlapped: set(['c', 'b', 'f', 'list', 'let', 'x', 'type']) 
Overlap: 7 
Accuracy: 0.0707070707071 

Question:
10. Which of these is not part of the local stack frame in ANSI C?
    (A) access (static) link
    (B) control (dynamic) link
    (C) register save area
    (D) return address

Overlapped: set(['control', 'c', 'b', 'return', 'dynamic', 'static', 'stack']) 
Overlap: 7 
Accuracy: 0.212121212121 

Question:
14. Prolog:  Define the function product, which produces the product of
    all the numbers in a list.  [2pt]
    | ?- product(N,[1,2,3,4,5]).
    N = 120
    | ?- product(N,[]).
    N = 1

Overlapped: set(['function', 'product', 'list', 'n', 'define', 'prolog']) 
Overlap: 6 
Accuracy: 0.136363636364 

Question:
 5. From what segment does a call to new in C++ allocate memory?
    (A) data
    (B) heap
    (C) stack
    (D) text

Overlapped: set(['c', 'b', 'heap', 'new', 'data', 'stack']) 
Overlap: 6 
Accuracy: 0.272727272727 

Question:
10. If a is a list, which expression produces the same list?
    (A) (car (cdr (cons a))
    (B) (car (cons a (cdr a))
    (C) (cons (car a) (cdr a))
    (D) (cons (cdr a) (car a))

Overlapped: set(['c', 'cons', 'car', 'list', 'b', 'cdr']) 
Overlap: 6 
Accuracy: 0.117647058824 

Question:
11. The Java class that permits a process to have multiple things done
    concurrently is:
    (A) Daemon
    (B) Runnable
    (C) Task
    (D) Thread

Overlapped: set(['c', 'b', 'multiple', 'permits', 'java', 'class']) 
Overlap: 6 
Accuracy: 0.25 

Question:
 2. What is 6?
    (A) ((lambda (x)(+ x 3 ))3)
    (B) (cdar '(7 6 5 4 3))
    (C) (if (2 < 3) 4 6)
    (D) (map * '(1 2 3))

Overlapped: set(['map', 'c', 'b', 'cdar', 'x', 'lambda']) 
Overlap: 6 
Accuracy: 0.105263157895 

Question:
 1. Give an example of how a function call in normal order might return
    a result, but the same function call in applicative order might
    crash or go into an infinite loop.  [2pt]

Overlapped: set(['go', 'function', 'might', 'return', 'order']) 
Overlap: 5 
Accuracy: 0.208333333333 

Question:
 8. A garbage collector which is most friendly to the page tables by
    compacting heap objects into as few pages as possible:
    (A) concurrent reclamation of live objects
    (B) copying collector with semispaces
    (C) mark and sweep collector
    (D) reference counting

Overlapped: set(['c', 'b', 'page', 'heap']) 
Overlap: 4 
Accuracy: 0.117647058824 

Question:
 9. Passing a parameter by __ means that it is passed in unevaluated and
    then evaluated only if needed.
    (A) name
    (B) reference
    (C) value
    (D) value-result

Overlapped: set(['c', 'b', 'name', 'value']) 
Overlap: 4 
Accuracy: 0.166666666667 

Question:
13. Give an example of how memory leak might occur in Java.  [2pt]

Overlapped: set(['might', 'java']) 
Overlap: 2 
Accuracy: 0.166666666667 

Question:
Overlapped: set([]) 
Overlap: 0 
Accuracy: 0 

