Question:
11. Ocaml.  Define the function max which returns Some maximum element
   of a list as determined by its function argument.  Return None if
   the list is empty.  [3pt]
   # type 'a opt = None | Some of 'a;;
   type 'a opt = None | Some of 'a
   # max;;
   - : ('a -> 'a -> bool) -> 'a list -> 'a opt = <fun>
   # max (>) [3;1;4;1;5;9];;
   - : int opt = Some 9
   # max (<) [3;1;4;1;5;9];;
   - : int opt = Some 1
   # max (>) [];;
   - : 'a opt = None

Overlapped: set(['function', 'return', 'maximum', 'int', 'max', 'list', 'argument', 'ocaml', 'returns', 'bool', 'fun', 'element', 'type', 'define']) 
Overlap: 14 
Accuracy: 0.105263157895 

Question:
 8. Which was a language designed in the 1950s for use mainly in
    business data processing?
    (A) 1957 FORTRAN
    (B) 1958 Algol 58
    (C) 1958 Lisp
    (D) 1959 COBOL

Overlapped: set(['use', 'b', 'language', 'business', 'lisp', 'processing', 'c', 'fortran', '1957', 'cobol', 'designed', 'algol', 'data']) 
Overlap: 13 
Accuracy: 0.448275862069 

Question:
5. Ocaml.  Define the function filter which takes a predicate and a
   list and returns a list in the same order as the original list, but
   with only those elements for which the predicate is true.  [2pt]
   # filter;;
   - : ('a -> bool) -> 'a list -> 'a list = <fun>
   # filter ((>)0) [1;2;-3;-4;8;-3];;
   - : int list = [-3; -4; -3]

Overlapped: set(['function', 'predicate', 'elements', 'int', 'list', 'ocaml', 'returns', 'bool', 'fun', 'true', 'order', 'define']) 
Overlap: 12 
Accuracy: 0.148148148148 

Question:
8. Fill in the following table.  Some possible answers:  John Backus.
   Alonzo Church.  Grace Hopper.  John Kemeny & Thomas Kurtz.  John
   McCarthy.  Dennis Ritchie.  Bjarne Stroustrup.  [1pt]

   +---------------+----------------+----------------+---------------+
   |Fortran        | Cobol          | Basic          |Lisp           |
   |               |                |                |               |
   |               |                |                |               |
   |               |                |                |               |
   +---------------+----------------+----------------+---------------+

Overlapped: set(['bjarne', 'hopper', 'answers', 'stroustrup', 'cobol', 'basic', 'following', 'table', 'backus', 'grace', 'fill']) 
Overlap: 11 
Accuracy: 0.0866141732283 

Question:
2. Ocaml.  Fill in the blanks:  [2pt]
   # List.fold_left;;
   - : ('a -> 'b -> 'a) -> 'a -> 'b list -> 'a = <fun>
   # let sum = __________________________________________________
   val sum : int list -> int = <fun>
   # sum [1;2;3;4;5];;
   - : int = 15
   # let length = __________________________________________________
   val length : '_a list -> int = <fun>
   # length [1;2;3;4;5];;
   - : int = 5

Overlapped: set(['blanks', 'val', 'int', 'sum', 'list', 'ocaml', 'length', 'let', 'fun', 'fill']) 
Overlap: 10 
Accuracy: 0.0892857142857 

Question:
 4. What kind of polymorphism is vector<string> an example of?
    (A) conversion
    (B) inclusion
    (C) overloading
    (D) parametric

Overlapped: set(['polymorphism', 'kind', 'b', 'string', 'inclusion', 'c', 'conversion', 'overloading', 'vector', 'parametric']) 
Overlap: 10 
Accuracy: 0.434782608696 

Question:
10. Java generics and C++ templates are an example of __ polymorphism.
    (A) conversion
    (B) inclusion
    (C) overloading
    (D) parametric

Overlapped: set(['templates', 'polymorphism', 'conversion', 'b', 'java', 'inclusion', 'c', 'overloading', 'generics', 'parametric']) 
Overlap: 10 
Accuracy: 0.434782608696 

Question:
13. Scheme.  Define the function map2 which takes three arguments:  a
   binary function and two lists.  It returns a list with the two
   lists merged using the function.  If the lists are of different
   lengths, excess elements of the long list are ignored.  [2pt]
   > (map2 + '(1 2 3) '(4 5 6 7))
   (5 7 9)
   > (map2 * '(1 2 3 4 5) '(6 7 8))
   (6 14 24)

Overlapped: set(['function', 'elements', 'list', 'two', 'returns', 'arguments', 'using', 'scheme', 'define']) 
Overlap: 9 
Accuracy: 0.10843373494 

Question:
 5. Two kinds of universal polymorphism are:
    (A) conversion & overloading
    (B) inclusion & parametric
    (C) overloading & inclusion
    (D) parametric & overloading

Overlapped: set(['polymorphism', 'conversion', 'b', 'inclusion', 'c', 'universal', 'two', 'overloading', 'parametric']) 
Overlap: 9 
Accuracy: 0.321428571429 

Question:
 7. Edsger Dijkstra published a paper entitled ``__ statement
    considered harmful''.
    (A) continue
    (B) goto
    (C) switch
    (D) throw

Overlapped: set(['c', 'b', 'edsger', 'considered', 'harmful', 'dijkstra', 'continue', 'statement', 'throw']) 
Overlap: 9 
Accuracy: 0.333333333333 

Question:
4. Define the function zipwith that takes a function and two lists and
   uses the function to join the lists.  If the lists are of different
   lengths, ignore the excess elements of the longer list.  [2pt]
   # zipwith;;
   - : ('a -> 'b -> 'c) -> 'a list -> 'b list -> 'c list = <fun>
   # zipwith (+) [1;2;3] [4;5;6;7];;
   - : int list = [5; 7; 9]

Overlapped: set(['function', 'elements', 'int', 'list', 'two', 'fun', 'define']) 
Overlap: 7 
Accuracy: 0.0760869565217 

Question:
12. Scheme.  Write a tail-recursive function called reverse that re-
   verses a list.  Do not use a higher-order function.  [2pt]
   > (reverse '(1 2 3 4 5))
   (5 4 3 2 1)

Overlapped: set(['function', 'use', 'reverse', 'list', 'write', 'scheme', 'called']) 
Overlap: 7 
Accuracy: 0.184210526316 

Question:
 6. Which of the following functions can be written tail-recursively
    without the need for reversing the list?
    (A) filter
    (B) fold_left
    (C) fold_right
    (D) map

Overlapped: set(['map', 'functions', 'b', 'list', 'c', 'without', 'following']) 
Overlap: 7 
Accuracy: 0.291666666667 

Question:
6. Ocaml.  Rewrite the second filter statement above using a fun (i.
   e., lambda) expression instead of ((>)0).  [1pt]

Overlapped: set(['ocaml', 'second', 'statement', 'fun', 'using', 'lambda']) 
Overlap: 6 
Accuracy: 0.222222222222 

Question:
9. Scheme.  Define the function sum.  You may use the function foldl
   or explicitly write a tail-recursive function.  [1pt]

Overlapped: set(['function', 'use', 'sum', 'write', 'scheme', 'define']) 
Overlap: 6 
Accuracy: 0.315789473684 

Question:
 9. The address of a static variable in C and C++ is determined when?
    (A) compile time
    (B) link time
    (C) exec time
    (D) when a function is called

Overlapped: set(['function', 'c', 'b', 'static', 'variable', 'called']) 
Overlap: 6 
Accuracy: 0.230769230769 

Question:
3. Ocaml.  Define the function fold_left.

    (a) Ocaml.  [2pt]

    (b) Scheme.  [2pt]

Overlapped: set(['function', 'scheme', 'b', 'ocaml', 'define']) 
Overlap: 5 
Accuracy: 0.227272727273 

Question:
7. Smalltalk.  List the kinds of messages that can be sent to a
   Smalltalk object, and give an example of each.  [3pt]

    (a) Highest precedence:

    (b) Middle precedence:

    (c) Lowest precedence:

Overlapped: set(['c', 'object', 'list', 'b', 'smalltalk']) 
Overlap: 5 
Accuracy: 0.151515151515 

Question:
14. Ocaml.  Define mul' as per the project specifications.  [3pt]
   # add' [1;2;3] [4;5;6;7] 0;;
   - : int list = [5; 7; 9; 7]
   # add' [4;5;6;7] [2] 0;;
   - : int list = [6; 5; 6; 7]
   # add' [9;9;9;9] [1] 0;;
   - : int list = [0; 0; 0; 0; 1]

Overlapped: set(['int', 'list', 'ocaml', 'define']) 
Overlap: 4 
Accuracy: 0.0347826086957 

Question:
 2. The \lambda-calculus was invented by:
    (A) Ada Lovelace
    (B) Alan Turing
    (C) Alonzo Church
    (D) Grace Hopper

Overlapped: set(['c', 'b', 'hopper', 'grace']) 
Overlap: 4 
Accuracy: 0.181818181818 

Question:
1. What are the four very general things a function might do when
   called?  [2pt]

   +-------------------------------+-------------------------------+
   |                               |                               |
   |                               |                               |
   +-------------------------------+-------------------------------+
   |                               |                               |
   |                               |                               |
   +-------------------------------+-------------------------------+

Overlapped: set(['function', 'might', 'called']) 
Overlap: 3 
Accuracy: 0.0245901639344 

Question:
 1. Replacing $ (\lambdax~ . ~ + ~ x ~ 1) ~  2 $ by $ ( + ~ 2 ~ 1 ) $
    is an example of
    (A) \alpha-reduction
    (B) \beta-reduction
    (C) \eta-reduction
    (D) \lambda-reduction

Overlapped: set(['x', 'c', 'b']) 
Overlap: 3 
Accuracy: 0.075 

Question:
 3. A garbage collector automatically recycles what kind of objects?
    (A) dead
    (B) live
    (C) reachable
    (D) unreachable

Overlapped: set(['c', 'b', 'kind']) 
Overlap: 3 
Accuracy: 0.136363636364 

Question:
11. Which C operator uses normal order evaluation?
    (A) ++
    (B) <<
    (C) ==
    (D) ||

Overlapped: set(['c', 'b', 'order']) 
Overlap: 3 
Accuracy: 0.130434782609 

Question:
10. Java.  Give an example of how memory leak might happen in Java.
   [2pt]

Overlapped: set(['might', 'java']) 
Overlap: 2 
Accuracy: 0.142857142857 

Question:
Overlapped: set([]) 
Overlap: 0 
Accuracy: 0 

